<?xml version="1.0" encoding="UTF-8"?>
<!-- Generated by org.testng.reporters.JUnitReportReporter -->
<testsuite hostname="LAPTOP-8EUF05TO" failures="0" tests="3" name="groupExecution.testclass2" time="0.029" errors="0" timestamp="2023-10-14T14:04:26 IST" skipped="0">
  <testcase classname="groupExecution.testclass2" name="demo3" time="0.006"/>
  <system-out/>
  <testcase classname="groupExecution.testclass2" name="demo2" time="0.008"/>
  <system-out/>
  <testcase classname="groupExecution.testclass2" name="demo1" time="0.015"/>
  <system-out/>
</testsuite> <!-- groupExecution.testclass2 -->
