<?xml version="1.0" encoding="UTF-8"?>
<!-- Generated by org.testng.reporters.JUnitReportReporter -->
<testsuite hostname="LAPTOP-8EUF05TO" failures="0" tests="1" name="groupExecution.testclass4" time="0.002" errors="0" timestamp="2023-10-14T14:04:26 IST" skipped="0">
  <testcase classname="groupExecution.testclass4" name="demo2" time="0.002"/>
  <system-out/>
</testsuite> <!-- groupExecution.testclass4 -->
