<?xml version="1.0" encoding="UTF-8"?>
<!-- Generated by org.testng.reporters.JUnitReportReporter -->
<testsuite hostname="LAPTOP-8EUF05TO" failures="0" tests="1" name="testNG.dependonmethod" time="20.590" errors="0" timestamp="2023-10-13T13:08:05 IST" skipped="0">
  <testcase classname="testNG.dependonmethod" name="navigateToApp" time="20.590"/>
  <system-out/>
</testsuite> <!-- testNG.dependonmethod -->
