<?xml version="1.0" encoding="UTF-8"?>
<!-- Generated by org.testng.reporters.JUnitReportReporter -->
<testsuite hostname="LAPTOP-8EUF05TO" failures="0" tests="2" name="batchexecution.test3" time="0.014" errors="0" timestamp="2023-10-13T14:48:19 IST" skipped="0">
  <testcase classname="batchexecution.test3" name="demo5" time="0.012"/>
  <system-out/>
  <testcase classname="batchexecution.test3" name="demo6" time="0.002"/>
  <system-out/>
</testsuite> <!-- batchexecution.test3 -->
