<?xml version="1.0" encoding="UTF-8"?>
<!-- Generated by org.testng.reporters.JUnitReportReporter -->
<testsuite hostname="LAPTOP-8EUF05TO" failures="0" tests="3" name="crossBrowserparaller.swiggiclass" time="33.555" errors="0" timestamp="2023-10-16T18:26:38 IST" skipped="0">
  <testcase classname="crossBrowserparaller.swiggiclass" name="test" time="13.193"/>
  <system-out/>
  <testcase classname="crossBrowserparaller.swiggiclass" name="test" time="16.413"/>
  <system-out/>
  <testcase classname="crossBrowserparaller.swiggiclass" name="test" time="3.949"/>
  <system-out/>
</testsuite> <!-- crossBrowserparaller.swiggiclass -->
