<?xml version="1.0" encoding="UTF-8"?>
<!-- Generated by org.testng.reporters.JUnitReportReporter -->
<testsuite hostname="LAPTOP-8EUF05TO" failures="0" tests="3" name="crossBrowserparaller.googleclass" time="27.065" errors="0" timestamp="2023-10-16T18:26:38 IST" skipped="0">
  <testcase classname="crossBrowserparaller.googleclass" name="test" time="6.979"/>
  <system-out/>
  <testcase classname="crossBrowserparaller.googleclass" name="test" time="4.320"/>
  <system-out/>
  <testcase classname="crossBrowserparaller.googleclass" name="test" time="15.766"/>
  <system-out/>
</testsuite> <!-- crossBrowserparaller.googleclass -->
