<?xml version="1.0" encoding="UTF-8"?>
<!-- Generated by org.testng.reporters.JUnitReportReporter -->
<testsuite hostname="LAPTOP-8EUF05TO" failures="0" tests="1" name="testNG.sample_testNG" time="0.014" errors="0" timestamp="2023-10-13T13:24:33 IST" skipped="0">
  <testcase classname="testNG.sample_testNG" name="demo" time="0.014"/>
  <system-out/>
</testsuite> <!-- testNG.sample_testNG -->
