<?xml version="1.0" encoding="UTF-8"?>
<!-- Generated by org.testng.reporters.JUnitReportReporter -->
<testsuite hostname="LAPTOP-8EUF05TO" failures="0" tests="6" name="testNG.prioritizingTesting" time="0.063" errors="0" timestamp="2023-10-12T13:24:16 IST" skipped="0">
  <testcase classname="testNG.prioritizingTesting" name="demo3" time="0.016"/>
  <system-out/>
  <testcase classname="testNG.prioritizingTesting" name="demo2" time="0.026"/>
  <system-out/>
  <testcase classname="testNG.prioritizingTesting" name="demo1" time="0.010"/>
  <system-out/>
  <testcase classname="testNG.prioritizingTesting" name="demo4" time="0.003"/>
  <system-out/>
  <testcase classname="testNG.prioritizingTesting" name="demo5" time="0.004"/>
  <system-out/>
  <testcase classname="testNG.prioritizingTesting" name="demo6" time="0.004"/>
  <system-out/>
</testsuite> <!-- testNG.prioritizingTesting -->
