<?xml version="1.0" encoding="UTF-8"?>
<!-- Generated by org.testng.reporters.JUnitReportReporter -->
<testsuite hostname="LAPTOP-8EUF05TO" failures="0" tests="4" name="testNG.invoationcount" time="0.031" errors="0" timestamp="2023-10-12T13:52:02 IST" skipped="0">
  <testcase classname="testNG.invoationcount" name="demo3" time="0.008"/>
  <system-out/>
  <testcase classname="testNG.invoationcount" name="demo2" time="0.017"/>
  <system-out/>
  <testcase classname="testNG.invoationcount" name="demo1" time="0.002"/>
  <system-out/>
  <testcase classname="testNG.invoationcount" name="demo1" time="0.004"/>
  <system-out/>
</testsuite> <!-- testNG.invoationcount -->
