<?xml version="1.0" encoding="UTF-8"?>
<!-- Generated by org.testng.reporters.JUnitReportReporter -->
<testsuite hostname="LAPTOP-8EUF05TO" failures="0" tests="2" name="batchexecution.test2" time="0.040" errors="0" timestamp="2023-10-13T14:48:19 IST" skipped="0">
  <testcase classname="batchexecution.test2" name="demo4" time="0.021"/>
  <system-out/>
  <testcase classname="batchexecution.test2" name="demo3" time="0.019"/>
  <system-out/>
</testsuite> <!-- batchexecution.test2 -->
