<?xml version="1.0" encoding="UTF-8"?>
<!-- Generated by org.testng.reporters.JUnitReportReporter -->
<testsuite hostname="LAPTOP-8EUF05TO" failures="0" tests="2" name="batchexecution.test1" time="0.023" errors="0" timestamp="2023-10-13T14:48:19 IST" skipped="0">
  <testcase classname="batchexecution.test1" name="demo1" time="0.015"/>
  <system-out/>
  <testcase classname="batchexecution.test1" name="demo2" time="0.008"/>
  <system-out/>
</testsuite> <!-- batchexecution.test1 -->
