<?xml version="1.0" encoding="UTF-8"?>
<!-- Generated by org.testng.reporters.JUnitReportReporter -->
<testsuite hostname="LAPTOP-8EUF05TO" failures="0" tests="2" name="testNG.disabletests" time="0.013" errors="0" timestamp="2023-10-12T14:09:30 IST" skipped="1">
  <testcase classname="testNG.disabletests" name="demo1" time="0.013"/>
  <system-out/>
  <testcase classname="testNG.disabletests" name="demo2">
    <skipped/>
  </testcase> <!-- demo2 -->
  <system-out/>
</testsuite> <!-- testNG.disabletests -->
