<?xml version="1.0" encoding="UTF-8"?>
<!-- Generated by org.testng.reporters.JUnitReportReporter -->
<testsuite hostname="LAPTOP-8EUF05TO" failures="0" tests="3" name="groupExecution.testclass1" time="0.013" errors="0" timestamp="2023-10-14T14:04:26 IST" skipped="0">
  <testcase classname="groupExecution.testclass1" name="demo2" time="0.003"/>
  <system-out/>
  <testcase classname="groupExecution.testclass1" name="demo1" time="0.006"/>
  <system-out/>
  <testcase classname="groupExecution.testclass1" name="demo3" time="0.004"/>
  <system-out/>
</testsuite> <!-- groupExecution.testclass1 -->
